<?xml version="1.0" encoding="UTF-8"?>
<testsuite xmlns:xsi="http://www.w3.org/2001/XMLSchema-instance" xsi:noNamespaceSchemaLocation="https://maven.apache.org/surefire/maven-surefire-plugin/xsd/surefire-test-report.xsd" name="org.practice.springbootjwt.SpringBootJwtApplicationTests" time="2.897" tests="1" errors="0" skipped="0" failures="0">
  <properties>
    <property name="java.specification.version" value="15"/>
    <property name="sun.jnu.encoding" value="UTF-8"/>
    <property name="java.class.path" value="/Users/amol.singh/sts-repo/spring-boot-jwt/target/test-classes:/Users/amol.singh/sts-repo/spring-boot-jwt/target/classes:/Users/amol.singh/.m2/welldyne-cbc/org/springframework/boot/spring-boot-starter-security/2.4.5/spring-boot-starter-security-2.4.5.jar:/Users/amol.singh/.m2/welldyne-cbc/org/springframework/boot/spring-boot-starter/2.4.5/spring-boot-starter-2.4.5.jar:/Users/amol.singh/.m2/welldyne-cbc/org/springframework/boot/spring-boot-starter-logging/2.4.5/spring-boot-starter-logging-2.4.5.jar:/Users/amol.singh/.m2/welldyne-cbc/ch/qos/logback/logback-classic/1.2.3/logback-classic-1.2.3.jar:/Users/amol.singh/.m2/welldyne-cbc/ch/qos/logback/logback-core/1.2.3/logback-core-1.2.3.jar:/Users/amol.singh/.m2/welldyne-cbc/org/apache/logging/log4j/log4j-to-slf4j/2.13.3/log4j-to-slf4j-2.13.3.jar:/Users/amol.singh/.m2/welldyne-cbc/org/apache/logging/log4j/log4j-api/2.13.3/log4j-api-2.13.3.jar:/Users/amol.singh/.m2/welldyne-cbc/org/slf4j/jul-to-slf4j/1.7.30/jul-to-slf4j-1.7.30.jar:/Users/amol.singh/.m2/welldyne-cbc/org/yaml/snakeyaml/1.27/snakeyaml-1.27.jar:/Users/amol.singh/.m2/welldyne-cbc/org/springframework/spring-aop/5.3.6/spring-aop-5.3.6.jar:/Users/amol.singh/.m2/welldyne-cbc/org/springframework/spring-beans/5.3.6/spring-beans-5.3.6.jar:/Users/amol.singh/.m2/welldyne-cbc/org/springframework/security/spring-security-config/5.4.6/spring-security-config-5.4.6.jar:/Users/amol.singh/.m2/welldyne-cbc/org/springframework/spring-context/5.3.6/spring-context-5.3.6.jar:/Users/amol.singh/.m2/welldyne-cbc/org/springframework/security/spring-security-web/5.4.6/spring-security-web-5.4.6.jar:/Users/amol.singh/.m2/welldyne-cbc/org/springframework/spring-expression/5.3.6/spring-expression-5.3.6.jar:/Users/amol.singh/.m2/welldyne-cbc/org/springframework/boot/spring-boot-starter-web/2.4.5/spring-boot-starter-web-2.4.5.jar:/Users/amol.singh/.m2/welldyne-cbc/org/springframework/boot/spring-boot-starter-json/2.4.5/spring-boot-starter-json-2.4.5.jar:/Users/amol.singh/.m2/welldyne-cbc/com/fasterxml/jackson/core/jackson-databind/2.11.4/jackson-databind-2.11.4.jar:/Users/amol.singh/.m2/welldyne-cbc/com/fasterxml/jackson/core/jackson-annotations/2.11.4/jackson-annotations-2.11.4.jar:/Users/amol.singh/.m2/welldyne-cbc/com/fasterxml/jackson/core/jackson-core/2.11.4/jackson-core-2.11.4.jar:/Users/amol.singh/.m2/welldyne-cbc/com/fasterxml/jackson/datatype/jackson-datatype-jdk8/2.11.4/jackson-datatype-jdk8-2.11.4.jar:/Users/amol.singh/.m2/welldyne-cbc/com/fasterxml/jackson/datatype/jackson-datatype-jsr310/2.11.4/jackson-datatype-jsr310-2.11.4.jar:/Users/amol.singh/.m2/welldyne-cbc/com/fasterxml/jackson/module/jackson-module-parameter-names/2.11.4/jackson-module-parameter-names-2.11.4.jar:/Users/amol.singh/.m2/welldyne-cbc/org/springframework/spring-web/5.3.6/spring-web-5.3.6.jar:/Users/amol.singh/.m2/welldyne-cbc/org/springframework/spring-webmvc/5.3.6/spring-webmvc-5.3.6.jar:/Users/amol.singh/.m2/welldyne-cbc/org/springframework/boot/spring-boot-devtools/2.4.5/spring-boot-devtools-2.4.5.jar:/Users/amol.singh/.m2/welldyne-cbc/org/springframework/boot/spring-boot/2.4.5/spring-boot-2.4.5.jar:/Users/amol.singh/.m2/welldyne-cbc/org/springframework/boot/spring-boot-autoconfigure/2.4.5/spring-boot-autoconfigure-2.4.5.jar:/Users/amol.singh/.m2/welldyne-cbc/org/springframework/boot/spring-boot-starter-tomcat/2.4.5/spring-boot-starter-tomcat-2.4.5.jar:/Users/amol.singh/.m2/welldyne-cbc/jakarta/annotation/jakarta.annotation-api/1.3.5/jakarta.annotation-api-1.3.5.jar:/Users/amol.singh/.m2/welldyne-cbc/org/apache/tomcat/embed/tomcat-embed-core/9.0.45/tomcat-embed-core-9.0.45.jar:/Users/amol.singh/.m2/welldyne-cbc/org/glassfish/jakarta.el/3.0.3/jakarta.el-3.0.3.jar:/Users/amol.singh/.m2/welldyne-cbc/org/apache/tomcat/embed/tomcat-embed-websocket/9.0.45/tomcat-embed-websocket-9.0.45.jar:/Users/amol.singh/.m2/welldyne-cbc/org/springframework/boot/spring-boot-starter-test/2.4.5/spring-boot-starter-test-2.4.5.jar:/Users/amol.singh/.m2/welldyne-cbc/org/springframework/boot/spring-boot-test/2.4.5/spring-boot-test-2.4.5.jar:/Users/amol.singh/.m2/welldyne-cbc/org/springframework/boot/spring-boot-test-autoconfigure/2.4.5/spring-boot-test-autoconfigure-2.4.5.jar:/Users/amol.singh/.m2/welldyne-cbc/com/jayway/jsonpath/json-path/2.4.0/json-path-2.4.0.jar:/Users/amol.singh/.m2/welldyne-cbc/net/minidev/json-smart/2.3/json-smart-2.3.jar:/Users/amol.singh/.m2/welldyne-cbc/net/minidev/accessors-smart/1.2/accessors-smart-1.2.jar:/Users/amol.singh/.m2/welldyne-cbc/org/ow2/asm/asm/5.0.4/asm-5.0.4.jar:/Users/amol.singh/.m2/welldyne-cbc/org/slf4j/slf4j-api/1.7.30/slf4j-api-1.7.30.jar:/Users/amol.singh/.m2/welldyne-cbc/jakarta/xml/bind/jakarta.xml.bind-api/2.3.3/jakarta.xml.bind-api-2.3.3.jar:/Users/amol.singh/.m2/welldyne-cbc/jakarta/activation/jakarta.activation-api/1.2.2/jakarta.activation-api-1.2.2.jar:/Users/amol.singh/.m2/welldyne-cbc/org/assertj/assertj-core/3.18.1/assertj-core-3.18.1.jar:/Users/amol.singh/.m2/welldyne-cbc/org/hamcrest/hamcrest/2.2/hamcrest-2.2.jar:/Users/amol.singh/.m2/welldyne-cbc/org/junit/jupiter/junit-jupiter/5.7.1/junit-jupiter-5.7.1.jar:/Users/amol.singh/.m2/welldyne-cbc/org/junit/jupiter/junit-jupiter-api/5.7.1/junit-jupiter-api-5.7.1.jar:/Users/amol.singh/.m2/welldyne-cbc/org/apiguardian/apiguardian-api/1.1.0/apiguardian-api-1.1.0.jar:/Users/amol.singh/.m2/welldyne-cbc/org/opentest4j/opentest4j/1.2.0/opentest4j-1.2.0.jar:/Users/amol.singh/.m2/welldyne-cbc/org/junit/platform/junit-platform-commons/1.7.1/junit-platform-commons-1.7.1.jar:/Users/amol.singh/.m2/welldyne-cbc/org/junit/jupiter/junit-jupiter-params/5.7.1/junit-jupiter-params-5.7.1.jar:/Users/amol.singh/.m2/welldyne-cbc/org/junit/jupiter/junit-jupiter-engine/5.7.1/junit-jupiter-engine-5.7.1.jar:/Users/amol.singh/.m2/welldyne-cbc/org/junit/platform/junit-platform-engine/1.7.1/junit-platform-engine-1.7.1.jar:/Users/amol.singh/.m2/welldyne-cbc/org/mockito/mockito-core/3.6.28/mockito-core-3.6.28.jar:/Users/amol.singh/.m2/welldyne-cbc/net/bytebuddy/byte-buddy/1.10.22/byte-buddy-1.10.22.jar:/Users/amol.singh/.m2/welldyne-cbc/net/bytebuddy/byte-buddy-agent/1.10.22/byte-buddy-agent-1.10.22.jar:/Users/amol.singh/.m2/welldyne-cbc/org/objenesis/objenesis/3.1/objenesis-3.1.jar:/Users/amol.singh/.m2/welldyne-cbc/org/mockito/mockito-junit-jupiter/3.6.28/mockito-junit-jupiter-3.6.28.jar:/Users/amol.singh/.m2/welldyne-cbc/org/skyscreamer/jsonassert/1.5.0/jsonassert-1.5.0.jar:/Users/amol.singh/.m2/welldyne-cbc/com/vaadin/external/google/android-json/0.0.20131108.vaadin1/android-json-0.0.20131108.vaadin1.jar:/Users/amol.singh/.m2/welldyne-cbc/org/springframework/spring-core/5.3.6/spring-core-5.3.6.jar:/Users/amol.singh/.m2/welldyne-cbc/org/springframework/spring-jcl/5.3.6/spring-jcl-5.3.6.jar:/Users/amol.singh/.m2/welldyne-cbc/org/springframework/spring-test/5.3.6/spring-test-5.3.6.jar:/Users/amol.singh/.m2/welldyne-cbc/org/xmlunit/xmlunit-core/2.7.0/xmlunit-core-2.7.0.jar:/Users/amol.singh/.m2/welldyne-cbc/org/springframework/security/spring-security-test/5.4.6/spring-security-test-5.4.6.jar:/Users/amol.singh/.m2/welldyne-cbc/org/springframework/security/spring-security-core/5.4.6/spring-security-core-5.4.6.jar:/Users/amol.singh/.m2/welldyne-cbc/io/jsonwebtoken/jjwt-api/0.11.2/jjwt-api-0.11.2.jar:/Users/amol.singh/.m2/welldyne-cbc/io/jsonwebtoken/jjwt-impl/0.11.2/jjwt-impl-0.11.2.jar:/Users/amol.singh/.m2/welldyne-cbc/io/jsonwebtoken/jjwt-gson/0.11.2/jjwt-gson-0.11.2.jar:/Users/amol.singh/.m2/welldyne-cbc/com/google/code/gson/gson/2.8.5/gson-2.8.5.jar:"/>
    <property name="java.vm.vendor" value="Oracle Corporation"/>
    <property name="sun.arch.data.model" value="64"/>
    <property name="java.vendor.url" value="https://java.oracle.com/"/>
    <property name="os.name" value="Mac OS X"/>
    <property name="java.vm.specification.version" value="15"/>
    <property name="sun.java.launcher" value="SUN_STANDARD"/>
    <property name="user.country" value="IN"/>
    <property name="sun.boot.library.path" value="/Applications/SpringToolSuite4.app/Contents/Eclipse/plugins/org.eclipse.justj.openjdk.hotspot.jre.full.macosx.x86_64_15.0.2.v20210201-0955/jre/lib"/>
    <property name="sun.java.command" value="/Users/amol.singh/sts-repo/spring-boot-jwt/target/surefire/surefirebooter1890926021912503060.jar /Users/amol.singh/sts-repo/spring-boot-jwt/target/surefire 2021-05-23T22-39-39_408-jvmRun1 surefire12995373353214059483tmp surefire_08736838632568520662tmp"/>
    <property name="http.nonProxyHosts" value="local|*.local|169.254/16|*.169.254/16"/>
    <property name="jdk.debug" value="release"/>
    <property name="surefire.test.class.path" value="/Users/amol.singh/sts-repo/spring-boot-jwt/target/test-classes:/Users/amol.singh/sts-repo/spring-boot-jwt/target/classes:/Users/amol.singh/.m2/welldyne-cbc/org/springframework/boot/spring-boot-starter-security/2.4.5/spring-boot-starter-security-2.4.5.jar:/Users/amol.singh/.m2/welldyne-cbc/org/springframework/boot/spring-boot-starter/2.4.5/spring-boot-starter-2.4.5.jar:/Users/amol.singh/.m2/welldyne-cbc/org/springframework/boot/spring-boot-starter-logging/2.4.5/spring-boot-starter-logging-2.4.5.jar:/Users/amol.singh/.m2/welldyne-cbc/ch/qos/logback/logback-classic/1.2.3/logback-classic-1.2.3.jar:/Users/amol.singh/.m2/welldyne-cbc/ch/qos/logback/logback-core/1.2.3/logback-core-1.2.3.jar:/Users/amol.singh/.m2/welldyne-cbc/org/apache/logging/log4j/log4j-to-slf4j/2.13.3/log4j-to-slf4j-2.13.3.jar:/Users/amol.singh/.m2/welldyne-cbc/org/apache/logging/log4j/log4j-api/2.13.3/log4j-api-2.13.3.jar:/Users/amol.singh/.m2/welldyne-cbc/org/slf4j/jul-to-slf4j/1.7.30/jul-to-slf4j-1.7.30.jar:/Users/amol.singh/.m2/welldyne-cbc/org/yaml/snakeyaml/1.27/snakeyaml-1.27.jar:/Users/amol.singh/.m2/welldyne-cbc/org/springframework/spring-aop/5.3.6/spring-aop-5.3.6.jar:/Users/amol.singh/.m2/welldyne-cbc/org/springframework/spring-beans/5.3.6/spring-beans-5.3.6.jar:/Users/amol.singh/.m2/welldyne-cbc/org/springframework/security/spring-security-config/5.4.6/spring-security-config-5.4.6.jar:/Users/amol.singh/.m2/welldyne-cbc/org/springframework/spring-context/5.3.6/spring-context-5.3.6.jar:/Users/amol.singh/.m2/welldyne-cbc/org/springframework/security/spring-security-web/5.4.6/spring-security-web-5.4.6.jar:/Users/amol.singh/.m2/welldyne-cbc/org/springframework/spring-expression/5.3.6/spring-expression-5.3.6.jar:/Users/amol.singh/.m2/welldyne-cbc/org/springframework/boot/spring-boot-starter-web/2.4.5/spring-boot-starter-web-2.4.5.jar:/Users/amol.singh/.m2/welldyne-cbc/org/springframework/boot/spring-boot-starter-json/2.4.5/spring-boot-starter-json-2.4.5.jar:/Users/amol.singh/.m2/welldyne-cbc/com/fasterxml/jackson/core/jackson-databind/2.11.4/jackson-databind-2.11.4.jar:/Users/amol.singh/.m2/welldyne-cbc/com/fasterxml/jackson/core/jackson-annotations/2.11.4/jackson-annotations-2.11.4.jar:/Users/amol.singh/.m2/welldyne-cbc/com/fasterxml/jackson/core/jackson-core/2.11.4/jackson-core-2.11.4.jar:/Users/amol.singh/.m2/welldyne-cbc/com/fasterxml/jackson/datatype/jackson-datatype-jdk8/2.11.4/jackson-datatype-jdk8-2.11.4.jar:/Users/amol.singh/.m2/welldyne-cbc/com/fasterxml/jackson/datatype/jackson-datatype-jsr310/2.11.4/jackson-datatype-jsr310-2.11.4.jar:/Users/amol.singh/.m2/welldyne-cbc/com/fasterxml/jackson/module/jackson-module-parameter-names/2.11.4/jackson-module-parameter-names-2.11.4.jar:/Users/amol.singh/.m2/welldyne-cbc/org/springframework/spring-web/5.3.6/spring-web-5.3.6.jar:/Users/amol.singh/.m2/welldyne-cbc/org/springframework/spring-webmvc/5.3.6/spring-webmvc-5.3.6.jar:/Users/amol.singh/.m2/welldyne-cbc/org/springframework/boot/spring-boot-devtools/2.4.5/spring-boot-devtools-2.4.5.jar:/Users/amol.singh/.m2/welldyne-cbc/org/springframework/boot/spring-boot/2.4.5/spring-boot-2.4.5.jar:/Users/amol.singh/.m2/welldyne-cbc/org/springframework/boot/spring-boot-autoconfigure/2.4.5/spring-boot-autoconfigure-2.4.5.jar:/Users/amol.singh/.m2/welldyne-cbc/org/springframework/boot/spring-boot-starter-tomcat/2.4.5/spring-boot-starter-tomcat-2.4.5.jar:/Users/amol.singh/.m2/welldyne-cbc/jakarta/annotation/jakarta.annotation-api/1.3.5/jakarta.annotation-api-1.3.5.jar:/Users/amol.singh/.m2/welldyne-cbc/org/apache/tomcat/embed/tomcat-embed-core/9.0.45/tomcat-embed-core-9.0.45.jar:/Users/amol.singh/.m2/welldyne-cbc/org/glassfish/jakarta.el/3.0.3/jakarta.el-3.0.3.jar:/Users/amol.singh/.m2/welldyne-cbc/org/apache/tomcat/embed/tomcat-embed-websocket/9.0.45/tomcat-embed-websocket-9.0.45.jar:/Users/amol.singh/.m2/welldyne-cbc/org/springframework/boot/spring-boot-starter-test/2.4.5/spring-boot-starter-test-2.4.5.jar:/Users/amol.singh/.m2/welldyne-cbc/org/springframework/boot/spring-boot-test/2.4.5/spring-boot-test-2.4.5.jar:/Users/amol.singh/.m2/welldyne-cbc/org/springframework/boot/spring-boot-test-autoconfigure/2.4.5/spring-boot-test-autoconfigure-2.4.5.jar:/Users/amol.singh/.m2/welldyne-cbc/com/jayway/jsonpath/json-path/2.4.0/json-path-2.4.0.jar:/Users/amol.singh/.m2/welldyne-cbc/net/minidev/json-smart/2.3/json-smart-2.3.jar:/Users/amol.singh/.m2/welldyne-cbc/net/minidev/accessors-smart/1.2/accessors-smart-1.2.jar:/Users/amol.singh/.m2/welldyne-cbc/org/ow2/asm/asm/5.0.4/asm-5.0.4.jar:/Users/amol.singh/.m2/welldyne-cbc/org/slf4j/slf4j-api/1.7.30/slf4j-api-1.7.30.jar:/Users/amol.singh/.m2/welldyne-cbc/jakarta/xml/bind/jakarta.xml.bind-api/2.3.3/jakarta.xml.bind-api-2.3.3.jar:/Users/amol.singh/.m2/welldyne-cbc/jakarta/activation/jakarta.activation-api/1.2.2/jakarta.activation-api-1.2.2.jar:/Users/amol.singh/.m2/welldyne-cbc/org/assertj/assertj-core/3.18.1/assertj-core-3.18.1.jar:/Users/amol.singh/.m2/welldyne-cbc/org/hamcrest/hamcrest/2.2/hamcrest-2.2.jar:/Users/amol.singh/.m2/welldyne-cbc/org/junit/jupiter/junit-jupiter/5.7.1/junit-jupiter-5.7.1.jar:/Users/amol.singh/.m2/welldyne-cbc/org/junit/jupiter/junit-jupiter-api/5.7.1/junit-jupiter-api-5.7.1.jar:/Users/amol.singh/.m2/welldyne-cbc/org/apiguardian/apiguardian-api/1.1.0/apiguardian-api-1.1.0.jar:/Users/amol.singh/.m2/welldyne-cbc/org/opentest4j/opentest4j/1.2.0/opentest4j-1.2.0.jar:/Users/amol.singh/.m2/welldyne-cbc/org/junit/platform/junit-platform-commons/1.7.1/junit-platform-commons-1.7.1.jar:/Users/amol.singh/.m2/welldyne-cbc/org/junit/jupiter/junit-jupiter-params/5.7.1/junit-jupiter-params-5.7.1.jar:/Users/amol.singh/.m2/welldyne-cbc/org/junit/jupiter/junit-jupiter-engine/5.7.1/junit-jupiter-engine-5.7.1.jar:/Users/amol.singh/.m2/welldyne-cbc/org/junit/platform/junit-platform-engine/1.7.1/junit-platform-engine-1.7.1.jar:/Users/amol.singh/.m2/welldyne-cbc/org/mockito/mockito-core/3.6.28/mockito-core-3.6.28.jar:/Users/amol.singh/.m2/welldyne-cbc/net/bytebuddy/byte-buddy/1.10.22/byte-buddy-1.10.22.jar:/Users/amol.singh/.m2/welldyne-cbc/net/bytebuddy/byte-buddy-agent/1.10.22/byte-buddy-agent-1.10.22.jar:/Users/amol.singh/.m2/welldyne-cbc/org/objenesis/objenesis/3.1/objenesis-3.1.jar:/Users/amol.singh/.m2/welldyne-cbc/org/mockito/mockito-junit-jupiter/3.6.28/mockito-junit-jupiter-3.6.28.jar:/Users/amol.singh/.m2/welldyne-cbc/org/skyscreamer/jsonassert/1.5.0/jsonassert-1.5.0.jar:/Users/amol.singh/.m2/welldyne-cbc/com/vaadin/external/google/android-json/0.0.20131108.vaadin1/android-json-0.0.20131108.vaadin1.jar:/Users/amol.singh/.m2/welldyne-cbc/org/springframework/spring-core/5.3.6/spring-core-5.3.6.jar:/Users/amol.singh/.m2/welldyne-cbc/org/springframework/spring-jcl/5.3.6/spring-jcl-5.3.6.jar:/Users/amol.singh/.m2/welldyne-cbc/org/springframework/spring-test/5.3.6/spring-test-5.3.6.jar:/Users/amol.singh/.m2/welldyne-cbc/org/xmlunit/xmlunit-core/2.7.0/xmlunit-core-2.7.0.jar:/Users/amol.singh/.m2/welldyne-cbc/org/springframework/security/spring-security-test/5.4.6/spring-security-test-5.4.6.jar:/Users/amol.singh/.m2/welldyne-cbc/org/springframework/security/spring-security-core/5.4.6/spring-security-core-5.4.6.jar:/Users/amol.singh/.m2/welldyne-cbc/io/jsonwebtoken/jjwt-api/0.11.2/jjwt-api-0.11.2.jar:/Users/amol.singh/.m2/welldyne-cbc/io/jsonwebtoken/jjwt-impl/0.11.2/jjwt-impl-0.11.2.jar:/Users/amol.singh/.m2/welldyne-cbc/io/jsonwebtoken/jjwt-gson/0.11.2/jjwt-gson-0.11.2.jar:/Users/amol.singh/.m2/welldyne-cbc/com/google/code/gson/gson/2.8.5/gson-2.8.5.jar:"/>
    <property name="sun.cpu.endian" value="little"/>
    <property name="user.home" value="/Users/amol.singh"/>
    <property name="user.language" value="en"/>
    <property name="java.specification.vendor" value="Oracle Corporation"/>
    <property name="java.version.date" value="2021-01-19"/>
    <property name="java.home" value="/Applications/SpringToolSuite4.app/Contents/Eclipse/plugins/org.eclipse.justj.openjdk.hotspot.jre.full.macosx.x86_64_15.0.2.v20210201-0955/jre"/>
    <property name="file.separator" value="/"/>
    <property name="style.color" value="always"/>
    <property name="basedir" value="/Users/amol.singh/sts-repo/spring-boot-jwt"/>
    <property name="java.vm.compressedOopsMode" value="Zero based"/>
    <property name="line.separator" value="&#10;"/>
    <property name="java.specification.name" value="Java Platform API Specification"/>
    <property name="java.vm.specification.vendor" value="Oracle Corporation"/>
    <property name="surefire.real.class.path" value="/Users/amol.singh/sts-repo/spring-boot-jwt/target/surefire/surefirebooter1890926021912503060.jar"/>
    <property name="sun.management.compiler" value="HotSpot 64-Bit Tiered Compilers"/>
    <property name="ftp.nonProxyHosts" value="local|*.local|169.254/16|*.169.254/16"/>
    <property name="java.runtime.version" value="15.0.2+7-27"/>
    <property name="user.name" value="amol.singh"/>
    <property name="path.separator" value=":"/>
    <property name="os.version" value="10.15.7"/>
    <property name="java.runtime.name" value="OpenJDK Runtime Environment"/>
    <property name="file.encoding" value="UTF-8"/>
    <property name="java.vm.name" value="OpenJDK 64-Bit Server VM"/>
    <property name="localRepository" value="/Users/amol.singh/.m2/welldyne-cbc"/>
    <property name="java.vendor.url.bug" value="https://bugreport.java.com/bugreport/"/>
    <property name="java.io.tmpdir" value="/var/folders/zp/4r9qr8ns2x1fll6s5f241dn80000gp/T/"/>
    <property name="java.version" value="15.0.2"/>
    <property name="user.dir" value="/Users/amol.singh/sts-repo/spring-boot-jwt"/>
    <property name="os.arch" value="x86_64"/>
    <property name="java.vm.specification.name" value="Java Virtual Machine Specification"/>
    <property name="java.library.path" value="/Users/amol.singh/Library/Java/Extensions:/Library/Java/Extensions:/Network/Library/Java/Extensions:/System/Library/Java/Extensions:/usr/lib/java:."/>
    <property name="java.vm.info" value="mixed mode"/>
    <property name="java.vendor" value="Oracle Corporation"/>
    <property name="java.vm.version" value="15.0.2+7-27"/>
    <property name="sun.io.unicode.encoding" value="UnicodeBig"/>
    <property name="socksNonProxyHosts" value="local|*.local|169.254/16|*.169.254/16"/>
    <property name="java.class.version" value="59.0"/>
  </properties>
  <testcase name="contextLoads" classname="org.practice.springbootjwt.SpringBootJwtApplicationTests" time="0.398"/>
</testsuite>